Der Buildvorgang wurde am 28.02.2013 08:06:33 gestartet.
     1>Projekt "D:\privat\Programmierung\XPlane\ansi_C\DotNetDataRefConnector\DotNetDataRefConnector\DotNetDataRefConnector.vcxproj" auf Knoten "2", rebuild Ziel(e).
     1>_PrepareForClean:
         Die Datei "Release\DotNetDataRefConnector.lastbuildstate" wird gelöscht.
       InitializeBuildStatus:
         "Release\DotNetDataRefConnector.unsuccessfulbuild" wird erstellt, da "AlwaysCreate" angegeben wurde.
       ClCompile:
         C:\Program Files (x86)\Microsoft Visual Studio 10.0\VC\bin\CL.exe /c /ID:\privat\Programmierung\XPlane\ansi_C\XPSDK212\SDK\CHeaders\XPLM /ID:\privat\Programmierung\XPlane\ansi_C\XPSDK212\SDK\CHeaders\Wrappers /ID:\privat\Programmierung\XPlane\ansi_C\XPSDK212\SDK\CHeaders\Widgets /Zi /nologo /W3 /WX- /O2 /Oi /Oy- /GL /D _WINDLL /D _MBCS /Gm- /EHsc /MD /GS /Gy /fp:precise /Zc:wchar_t /Zc:forScope /Fo"Release\\" /Fd"Release\vc100.pdb" /Gd /TC /analyze- /errorReport:prompt DotNetDataRefConnector.c
         DotNetDataRefConnector.c
     1>DotNetDataRefConnector.c(31): warning C4047: 'Initialisierung': Anzahl der Dereferenzierungen bei 'DWORD' und 'void *' unterschiedlich
     1>DotNetDataRefConnector.c(332): warning C4996: 'strcpy': This function or variable may be unsafe. Consider using strcpy_s instead. To disable deprecation, use _CRT_SECURE_NO_WARNINGS. See online help for details.
     1>DotNetDataRefConnector.c(333): warning C4996: 'strcpy': This function or variable may be unsafe. Consider using strcpy_s instead. To disable deprecation, use _CRT_SECURE_NO_WARNINGS. See online help for details.
     1>DotNetDataRefConnector.c(334): warning C4996: 'strcpy': This function or variable may be unsafe. Consider using strcpy_s instead. To disable deprecation, use _CRT_SECURE_NO_WARNINGS. See online help for details.
         C:\Program Files (x86)\Microsoft Visual Studio 10.0\VC\bin\CL.exe /c /ID:\privat\Programmierung\XPlane\ansi_C\XPSDK212\SDK\CHeaders\XPLM /ID:\privat\Programmierung\XPlane\ansi_C\XPSDK212\SDK\CHeaders\Wrappers /ID:\privat\Programmierung\XPlane\ansi_C\XPSDK212\SDK\CHeaders\Widgets /Zi /nologo /W3 /WX- /O2 /Oi /Oy- /GL /D _WINDLL /D _MBCS /Gm- /EHsc /MD /GS /Gy /fp:precise /Zc:wchar_t /Zc:forScope /Fo"Release\\" /Fd"Release\vc100.pdb" /Gd /TP /analyze- /errorReport:prompt DotNetDataRefConnectorWin.cpp
         DotNetDataRefConnectorWin.cpp
       Link:
         C:\Program Files (x86)\Microsoft Visual Studio 10.0\VC\bin\link.exe /ERRORREPORT:PROMPT /OUT:"D:\privat\Programmierung\XPlane\ansi_C\DotNetDataRefConnector\Win32\Release\win.xpl" /NOLOGO D:\privat\Programmierung\XPlane\ansi_C\XPSDK212\SDK\Libraries\Win\XPLM.lib kernel32.lib user32.lib gdi32.lib winspool.lib comdlg32.lib advapi32.lib shell32.lib ole32.lib oleaut32.lib uuid.lib odbc32.lib odbccp32.lib /MANIFEST /ManifestFile:"Release\win.xpl.intermediate.manifest" /MANIFESTUAC:"level='asInvoker' uiAccess='false'" /DEBUG /PDB:"D:\privat\Programmierung\XPlane\ansi_C\DotNetDataRefConnector\Win32\Release\win.pdb" /OPT:REF /OPT:ICF /LTCG /TLBID:1 /DYNAMICBASE /NXCOMPAT /IMPLIB:"D:\privat\Programmierung\XPlane\ansi_C\DotNetDataRefConnector\Win32\Release\win.lib" /MACHINE:X86 /DLL Release\DotNetDataRefConnector.obj
         Release\DotNetDataRefConnectorWin.obj
            Bibliothek "D:\privat\Programmierung\XPlane\ansi_C\DotNetDataRefConnector\Win32\Release\win.lib" und Objekt "D:\privat\Programmierung\XPlane\ansi_C\DotNetDataRefConnector\Win32\Release\win.exp" werden erstellt.
         Code wird generiert.
     1>d:\privat\programmierung\xplane\ansi_c\dotnetdatarefconnector\dotnetdatarefconnector\dotnetdatarefconnector.c(339): warning C4716: 'XPluginStart': Muss einen Wert zurückgeben
         Codegenerierung ist abgeschlossen.
         DotNetDataRefConnector.vcxproj -> D:\privat\Programmierung\XPlane\ansi_C\DotNetDataRefConnector\Win32\Release\win.xpl
       Manifest:
         C:\Program Files (x86)\Microsoft SDKs\Windows\v7.0A\bin\mt.exe /nologo /verbose /outputresource:"D:\privat\Programmierung\XPlane\ansi_C\DotNetDataRefConnector\Win32\Release\win.xpl;#2" /manifest Release\win.xpl.intermediate.manifest
       PostBuildEvent:
         xcopy D:\privat\Programmierung\XPlane\ansi_C\DotNetDataRefConnector\Win32\Release\win.xpl "D:\privat\X-Plane 10\Resources\plugins\DotNetDataRefConnector\32" /Y
         :VCEnd
         D:\privat\Programmierung\XPlane\ansi_C\DotNetDataRefConnector\Win32\Release\win.xpl
         1 Datei(en) kopiert
       FinalizeBuildStatus:
         Die Datei "Release\DotNetDataRefConnector.unsuccessfulbuild" wird gelöscht.
         Aktualisieren des Timestamps von "Release\DotNetDataRefConnector.lastbuildstate".
     1>Die Erstellung des Projekts "D:\privat\Programmierung\XPlane\ansi_C\DotNetDataRefConnector\DotNetDataRefConnector\DotNetDataRefConnector.vcxproj" ist abgeschlossen, rebuild Ziel(e).

Das Erstellen war erfolgreich.

Verstrichene Zeit 00:00:01.93
