D:\privat\Programmierung\XPlane\ansi_C\DotNetDataRefConnector\Debug\DotNetDataRefConnector.exp
D:\PRIVAT\PROGRAMMIERUNG\XPLANE\ANSI_C\DOTNETDATAREFCONNECTOR\DEBUG\DOTNETDATAREFCONNECTOR.ILK
D:\privat\Programmierung\XPlane\ansi_C\DotNetDataRefConnector\Debug\DotNetDataRefConnector.lib
D:\PRIVAT\PROGRAMMIERUNG\XPLANE\ANSI_C\DOTNETDATAREFCONNECTOR\DEBUG\DOTNETDATAREFCONNECTOR.PDB
D:\PRIVAT\PROGRAMMIERUNG\XPLANE\ANSI_C\DOTNETDATAREFCONNECTOR\DEBUG\DOTNETDATAREFCONNECTOR.XPL
D:\privat\Programmierung\XPlane\ansi_C\DotNetDataRefConnector\DotNetDataRefConnector\Debug\cl.command.1.tlog
D:\privat\Programmierung\XPlane\ansi_C\DotNetDataRefConnector\DotNetDataRefConnector\Debug\CL.read.1.tlog
D:\privat\Programmierung\XPlane\ansi_C\DotNetDataRefConnector\DotNetDataRefConnector\Debug\CL.write.1.tlog
D:\PRIVAT\PROGRAMMIERUNG\XPLANE\ANSI_C\DOTNETDATAREFCONNECTOR\DOTNETDATAREFCONNECTOR\DEBUG\DOTNETDATAREFCONNECTOR.OBJ
D:\privat\Programmierung\XPlane\ansi_C\DotNetDataRefConnector\DotNetDataRefConnector\Debug\DotNetDataRefConnector.vcxprojResolveAssemblyReference.cache
D:\privat\Programmierung\XPlane\ansi_C\DotNetDataRefConnector\DotNetDataRefConnector\Debug\DotNetDataRefConnector.write.1.tlog
D:\PRIVAT\PROGRAMMIERUNG\XPLANE\ANSI_C\DOTNETDATAREFCONNECTOR\DOTNETDATAREFCONNECTOR\DEBUG\DOTNETDATAREFCONNECTOR.XPL.INTERMEDIATE.MANIFEST
D:\PRIVAT\PROGRAMMIERUNG\XPLANE\ANSI_C\DOTNETDATAREFCONNECTOR\DOTNETDATAREFCONNECTOR\DEBUG\DOTNETDATAREFCONNECTORWIN.OBJ
D:\privat\Programmierung\XPlane\ansi_C\DotNetDataRefConnector\DotNetDataRefConnector\Debug\link.command.1.tlog
D:\privat\Programmierung\XPlane\ansi_C\DotNetDataRefConnector\DotNetDataRefConnector\Debug\link.read.1.tlog
D:\privat\Programmierung\XPlane\ansi_C\DotNetDataRefConnector\DotNetDataRefConnector\Debug\link.write.1.tlog
D:\privat\Programmierung\XPlane\ansi_C\DotNetDataRefConnector\DotNetDataRefConnector\Debug\mt.command.1.tlog
D:\privat\Programmierung\XPlane\ansi_C\DotNetDataRefConnector\DotNetDataRefConnector\Debug\mt.read.1.tlog
D:\privat\Programmierung\XPlane\ansi_C\DotNetDataRefConnector\DotNetDataRefConnector\Debug\mt.write.1.tlog
D:\privat\Programmierung\XPlane\ansi_C\DotNetDataRefConnector\DotNetDataRefConnector\Debug\vc100.idb
D:\PRIVAT\PROGRAMMIERUNG\XPLANE\ANSI_C\DOTNETDATAREFCONNECTOR\DOTNETDATAREFCONNECTOR\DEBUG\VC100.PDB
