D:\privat\Programmierung\XPlane\ansi_C\DotNetDataRefConnector\DotNetDataRefConnector\x64\Debug\cl.command.1.tlog
D:\privat\Programmierung\XPlane\ansi_C\DotNetDataRefConnector\DotNetDataRefConnector\x64\Debug\CL.read.1.tlog
D:\privat\Programmierung\XPlane\ansi_C\DotNetDataRefConnector\DotNetDataRefConnector\x64\Debug\CL.write.1.tlog
D:\PRIVAT\PROGRAMMIERUNG\XPLANE\ANSI_C\DOTNETDATAREFCONNECTOR\DOTNETDATAREFCONNECTOR\X64\DEBUG\DOTNETDATAREFCONNECTOR.OBJ
D:\privat\Programmierung\XPlane\ansi_C\DotNetDataRefConnector\DotNetDataRefConnector\x64\Debug\DotNetDataRefConnector.write.1.tlog
D:\PRIVAT\PROGRAMMIERUNG\XPLANE\ANSI_C\DOTNETDATAREFCONNECTOR\DOTNETDATAREFCONNECTOR\X64\DEBUG\DOTNETDATAREFCONNECTOR_WIN_64.XPL.INTERMEDIATE.MANIFEST
D:\PRIVAT\PROGRAMMIERUNG\XPLANE\ANSI_C\DOTNETDATAREFCONNECTOR\DOTNETDATAREFCONNECTOR\X64\DEBUG\DOTNETDATAREFCONNECTORWIN.OBJ
D:\privat\Programmierung\XPlane\ansi_C\DotNetDataRefConnector\DotNetDataRefConnector\x64\Debug\link.command.1.tlog
D:\privat\Programmierung\XPlane\ansi_C\DotNetDataRefConnector\DotNetDataRefConnector\x64\Debug\link.read.1.tlog
D:\privat\Programmierung\XPlane\ansi_C\DotNetDataRefConnector\DotNetDataRefConnector\x64\Debug\link.write.1.tlog
D:\privat\Programmierung\XPlane\ansi_C\DotNetDataRefConnector\DotNetDataRefConnector\x64\Debug\mt.command.1.tlog
D:\privat\Programmierung\XPlane\ansi_C\DotNetDataRefConnector\DotNetDataRefConnector\x64\Debug\mt.read.1.tlog
D:\privat\Programmierung\XPlane\ansi_C\DotNetDataRefConnector\DotNetDataRefConnector\x64\Debug\mt.write.1.tlog
D:\privat\Programmierung\XPlane\ansi_C\DotNetDataRefConnector\DotNetDataRefConnector\x64\Debug\vc100.idb
D:\PRIVAT\PROGRAMMIERUNG\XPLANE\ANSI_C\DOTNETDATAREFCONNECTOR\DOTNETDATAREFCONNECTOR\X64\DEBUG\VC100.PDB
D:\privat\Programmierung\XPlane\ansi_C\DotNetDataRefConnector\x64\Debug\DotNetDataRefConnector_win_64.exp
D:\PRIVAT\PROGRAMMIERUNG\XPLANE\ANSI_C\DOTNETDATAREFCONNECTOR\X64\DEBUG\DOTNETDATAREFCONNECTOR_WIN_64.ILK
D:\privat\Programmierung\XPlane\ansi_C\DotNetDataRefConnector\x64\Debug\DotNetDataRefConnector_win_64.lib
D:\PRIVAT\PROGRAMMIERUNG\XPLANE\ANSI_C\DOTNETDATAREFCONNECTOR\X64\DEBUG\DOTNETDATAREFCONNECTOR_WIN_64.PDB
D:\PRIVAT\PROGRAMMIERUNG\XPLANE\ANSI_C\DOTNETDATAREFCONNECTOR\X64\DEBUG\DOTNETDATAREFCONNECTOR_WIN_64.XPL
